running egg_info
creating build/sim_mapping_tb3/sim_mapping_tb3.egg-info
writing build/sim_mapping_tb3/sim_mapping_tb3.egg-info/PKG-INFO
writing dependency_links to build/sim_mapping_tb3/sim_mapping_tb3.egg-info/dependency_links.txt
writing entry points to build/sim_mapping_tb3/sim_mapping_tb3.egg-info/entry_points.txt
writing requirements to build/sim_mapping_tb3/sim_mapping_tb3.egg-info/requires.txt
writing top-level names to build/sim_mapping_tb3/sim_mapping_tb3.egg-info/top_level.txt
writing manifest file 'build/sim_mapping_tb3/sim_mapping_tb3.egg-info/SOURCES.txt'
reading manifest file 'build/sim_mapping_tb3/sim_mapping_tb3.egg-info/SOURCES.txt'
writing manifest file 'build/sim_mapping_tb3/sim_mapping_tb3.egg-info/SOURCES.txt'
running build
running build_py
creating /home/thor-usr/Sam/fyp_ws/src/sim_mapping_tb3/build/sim_mapping_tb3/build
creating /home/thor-usr/Sam/fyp_ws/src/sim_mapping_tb3/build/sim_mapping_tb3/build/lib
creating /home/thor-usr/Sam/fyp_ws/src/sim_mapping_tb3/build/sim_mapping_tb3/build/lib/sim_mapping_tb3
copying sim_mapping_tb3/__init__.py -> /home/thor-usr/Sam/fyp_ws/src/sim_mapping_tb3/build/sim_mapping_tb3/build/lib/sim_mapping_tb3
running install
running install_lib
creating /home/thor-usr/Sam/fyp_ws/src/sim_mapping_tb3/install/sim_mapping_tb3/lib/python3.10/site-packages/sim_mapping_tb3
copying /home/thor-usr/Sam/fyp_ws/src/sim_mapping_tb3/build/sim_mapping_tb3/build/lib/sim_mapping_tb3/__init__.py -> /home/thor-usr/Sam/fyp_ws/src/sim_mapping_tb3/install/sim_mapping_tb3/lib/python3.10/site-packages/sim_mapping_tb3
byte-compiling /home/thor-usr/Sam/fyp_ws/src/sim_mapping_tb3/install/sim_mapping_tb3/lib/python3.10/site-packages/sim_mapping_tb3/__init__.py to __init__.cpython-310.pyc
running install_data
creating /home/thor-usr/Sam/fyp_ws/src/sim_mapping_tb3/install/sim_mapping_tb3/share/ament_index
creating /home/thor-usr/Sam/fyp_ws/src/sim_mapping_tb3/install/sim_mapping_tb3/share/ament_index/resource_index
creating /home/thor-usr/Sam/fyp_ws/src/sim_mapping_tb3/install/sim_mapping_tb3/share/ament_index/resource_index/packages
copying resource/sim_mapping_tb3 -> /home/thor-usr/Sam/fyp_ws/src/sim_mapping_tb3/install/sim_mapping_tb3/share/ament_index/resource_index/packages
copying package.xml -> /home/thor-usr/Sam/fyp_ws/src/sim_mapping_tb3/install/sim_mapping_tb3/share/sim_mapping_tb3
creating /home/thor-usr/Sam/fyp_ws/src/sim_mapping_tb3/install/sim_mapping_tb3/share/sim_mapping_tb3/launch
copying launch/tb3_office_cpr.launch.py -> /home/thor-usr/Sam/fyp_ws/src/sim_mapping_tb3/install/sim_mapping_tb3/share/sim_mapping_tb3/launch
copying launch/tb3_house.launch.py -> /home/thor-usr/Sam/fyp_ws/src/sim_mapping_tb3/install/sim_mapping_tb3/share/sim_mapping_tb3/launch
copying launch/tb3_test_zone.launch.py -> /home/thor-usr/Sam/fyp_ws/src/sim_mapping_tb3/install/sim_mapping_tb3/share/sim_mapping_tb3/launch
running install_egg_info
Copying build/sim_mapping_tb3/sim_mapping_tb3.egg-info to /home/thor-usr/Sam/fyp_ws/src/sim_mapping_tb3/install/sim_mapping_tb3/lib/python3.10/site-packages/sim_mapping_tb3-0.0.0-py3.10.egg-info
running install_scripts
writing list of installed files to '/home/thor-usr/Sam/fyp_ws/src/sim_mapping_tb3/build/sim_mapping_tb3/install.log'
